<?xml version='1.0'?>
<ns2:test-suite xmlns:ns2='urn:model.allure.qatools.yandex.ru' start='1594685506013' stop='1594685506020'>
    <name>Pesquisar no Google: Pesquisar no Google</name>
    <title>Pesquisar no Google: Pesquisar no Google</title>
    <test-cases>
        <test-case start='1594685506014' status='passed' stop='1594685506016'>
            <name>Hook</name>
            <title>Hook</title>
            <labels>
                <label name='language' value='javascript'/>
                <label name='framework' value='wdio'/>
                <label name='thread' value='0-0'/>
            </labels>
            <parameters>
                <parameter kind='argument' name='browser' value='chrome-83.0.4103.116'/>
            </parameters>
            <steps/>
            <attachments/>
        </test-case>
        <test-case start='1594685506017' status='broken' stop='1594685506018'>
            <name>Given eu estou na tela de pesquisa do Google</name>
            <title>Given eu estou na tela de pesquisa do Google</title>
            <labels>
                <label name='language' value='javascript'/>
                <label name='framework' value='wdio'/>
                <label name='thread' value='0-0'/>
            </labels>
            <parameters>
                <parameter kind='argument' name='browser' value='chrome-83.0.4103.116'/>
            </parameters>
            <steps/>
            <attachments/>
            <failure>
                <message>Step "Given eu estou na tela de pesquisa do Google" is not definedYou can ignore this error by setting cucumberOpts.ignoreUndefinedDefinitions as true.</message>
                <stack-trace>undefined:undefined</stack-trace>
            </failure>
        </test-case>
        <test-case start='1594685506018' status='broken' stop='1594685506018'>
            <name>When eu digito os dados da pesquisa "Cucumber"</name>
            <title>When eu digito os dados da pesquisa "Cucumber"</title>
            <labels>
                <label name='language' value='javascript'/>
                <label name='framework' value='wdio'/>
                <label name='thread' value='0-0'/>
            </labels>
            <parameters>
                <parameter kind='argument' name='browser' value='chrome-83.0.4103.116'/>
            </parameters>
            <steps/>
            <attachments/>
            <failure>
                <message>Step "When eu digito os dados da pesquisa "Cucumber"" is not definedYou can ignore this error by setting cucumberOpts.ignoreUndefinedDefinitions as true.</message>
                <stack-trace>undefined:undefined</stack-trace>
            </failure>
        </test-case>
        <test-case start='1594685506018' status='broken' stop='1594685506018'>
            <name>Then eu visualizo o resultado da pesquisa "Cucumber: BDD Testing &amp; Collaboration Tools for Teams"</name>
            <title>Then eu visualizo o resultado da pesquisa "Cucumber: BDD Testing &amp; Collaboration Tools for Teams"</title>
            <labels>
                <label name='language' value='javascript'/>
                <label name='framework' value='wdio'/>
                <label name='thread' value='0-0'/>
            </labels>
            <parameters>
                <parameter kind='argument' name='browser' value='chrome-83.0.4103.116'/>
            </parameters>
            <steps/>
            <attachments/>
            <failure>
                <message>Step "Then eu visualizo o resultado da pesquisa "Cucumber: BDD Testing &amp; Collaboration Tools for Teams"" is not definedYou can ignore this error by setting cucumberOpts.ignoreUndefinedDefinitions as true.</message>
                <stack-trace>undefined:undefined</stack-trace>
            </failure>
        </test-case>
        <test-case start='1594685506019' status='passed' stop='1594685506019'>
            <name>Hook</name>
            <title>Hook</title>
            <labels>
                <label name='language' value='javascript'/>
                <label name='framework' value='wdio'/>
                <label name='thread' value='0-0'/>
            </labels>
            <parameters>
                <parameter kind='argument' name='browser' value='chrome-83.0.4103.116'/>
            </parameters>
            <steps/>
            <attachments/>
        </test-case>
    </test-cases>
</ns2:test-suite>